<?xml version="1.0" encoding="UTF-8"?>
<testng-results ignored="0" total="1" passed="1" failed="0" skipped="0">
  <reporter-output>
  </reporter-output>
  <suite started-at="2023-12-06T16:34:19 IST" name="Suite" finished-at="2023-12-06T16:35:59 IST" duration-ms="100321">
    <groups>
    </groups>
    <test started-at="2023-12-06T16:34:19 IST" name="Test" finished-at="2023-12-06T16:35:59 IST" duration-ms="100321">
      <class name="testcases.Tc_001_LogintoAdactin">
        <test-method is-config="true" signature="setup(java.lang.String)[pri:0, instance:testcases.Tc_001_LogintoAdactin@7674f035]" started-at="2023-12-06T16:34:20 IST" name="setup" finished-at="2023-12-06T16:35:54 IST" duration-ms="94547" status="PASS">
          <params>
            <param index="0">
              <value>
                <![CDATA[chrome]]>
              </value>
            </param>
          </params>
          <reporter-output>
          </reporter-output>
        </test-method> <!-- setup -->
        <test-method signature="Adactin_login()[pri:0, instance:testcases.Tc_001_LogintoAdactin@7674f035]" started-at="2023-12-06T16:35:54 IST" name="Adactin_login" finished-at="2023-12-06T16:35:59 IST" duration-ms="4853" status="PASS">
          <reporter-output>
          </reporter-output>
        </test-method> <!-- Adactin_login -->
      </class> <!-- testcases.Tc_001_LogintoAdactin -->
    </test> <!-- Test -->
  </suite> <!-- Suite -->
</testng-results>
