<?xml version="1.0" encoding="UTF-8"?>
<testng-results ignored="0" total="2" passed="2" failed="0" skipped="0">
  <reporter-output>
  </reporter-output>
  <suite started-at="2023-12-07T16:14:14 IST" name="Suite" finished-at="2023-12-07T16:14:50 IST" duration-ms="35367">
    <groups>
    </groups>
    <test started-at="2023-12-07T16:14:14 IST" name="ChromeTest" finished-at="2023-12-07T16:14:31 IST" duration-ms="16702">
      <class name="testcases.Tc_001_LogintoAdactin">
        <test-method is-config="true" signature="setup(java.lang.String)[pri:0, instance:testcases.Tc_001_LogintoAdactin@268f106e]" started-at="2023-12-07T16:14:14 IST" name="setup" finished-at="2023-12-07T16:14:29 IST" duration-ms="14469" status="PASS">
          <params>
            <param index="0">
              <value>
                <![CDATA[chrome]]>
              </value>
            </param>
          </params>
          <reporter-output>
          </reporter-output>
        </test-method> <!-- setup -->
        <test-method signature="Adactin_login()[pri:0, instance:testcases.Tc_001_LogintoAdactin@268f106e]" started-at="2023-12-07T16:14:29 IST" name="Adactin_login" finished-at="2023-12-07T16:14:31 IST" duration-ms="2143" status="PASS">
          <reporter-output>
          </reporter-output>
        </test-method> <!-- Adactin_login -->
      </class> <!-- testcases.Tc_001_LogintoAdactin -->
    </test> <!-- ChromeTest -->
    <test started-at="2023-12-07T16:14:14 IST" name="EdgeTest" finished-at="2023-12-07T16:14:50 IST" duration-ms="35367">
      <class name="testcases.Tc_001_LogintoAdactin">
        <test-method is-config="true" signature="setup(java.lang.String)[pri:0, instance:testcases.Tc_001_LogintoAdactin@4bdeaabb]" started-at="2023-12-07T16:14:14 IST" name="setup" finished-at="2023-12-07T16:14:47 IST" duration-ms="32329" status="PASS">
          <params>
            <param index="0">
              <value>
                <![CDATA[edge]]>
              </value>
            </param>
          </params>
          <reporter-output>
          </reporter-output>
        </test-method> <!-- setup -->
        <test-method signature="Adactin_login()[pri:0, instance:testcases.Tc_001_LogintoAdactin@4bdeaabb]" started-at="2023-12-07T16:14:47 IST" name="Adactin_login" finished-at="2023-12-07T16:14:50 IST" duration-ms="2979" status="PASS">
          <reporter-output>
          </reporter-output>
        </test-method> <!-- Adactin_login -->
      </class> <!-- testcases.Tc_001_LogintoAdactin -->
    </test> <!-- EdgeTest -->
  </suite> <!-- Suite -->
</testng-results>
